<?xml version="1.0" encoding="UTF-8"?>
<!-- Generated by org.testng.reporters.JUnitReportReporter -->
<testsuite hostname="user1" failures="0" tests="1" name="testscripts.GooglePageTest" time="4.917" errors="0" timestamp="2025-03-25T15:36:08 IST" skipped="0">
  <testcase classname="testscripts.GooglePageTest" name="seleniumsearch" time="4.917"/>
</testsuite> <!-- testscripts.GooglePageTest -->
