<?xml version="1.0" encoding="UTF-8"?>
<!-- Generated by org.testng.reporters.JUnitReportReporter -->
<testsuite hostname="user1" failures="0" tests="1" name="testscripts.ShadowDOMTest" time="7.083" errors="0" timestamp="2025-03-28T15:30:57 IST" skipped="0">
  <testcase classname="testscripts.ShadowDOMTest" name="shadowdom" time="7.083"/>
</testsuite> <!-- testscripts.ShadowDOMTest -->
