<?xml version="1.0" encoding="UTF-8"?>
<!-- Generated by org.testng.reporters.JUnitReportReporter -->
<testsuite hostname="user1" failures="0" tests="1" name="testscripts.iFramesTest" time="4.197" errors="0" timestamp="2025-03-28T18:04:13 IST" skipped="0">
  <testcase classname="testscripts.iFramesTest" name="switchFrames" time="4.197"/>
</testsuite> <!-- testscripts.iFramesTest -->
