<?xml version="1.0" encoding="UTF-8"?>
<!-- Generated by org.testng.reporters.JUnitReportReporter -->
<testsuite hostname="user1" failures="0" tests="1" name="testscripts.DynamicElemTest" time="10.744" errors="0" timestamp="2025-03-27T16:06:15 IST" skipped="0">
  <testcase classname="testscripts.DynamicElemTest" name="f" time="10.744"/>
</testsuite> <!-- testscripts.DynamicElemTest -->
