<?xml version="1.0" encoding="UTF-8"?>
<!-- Generated by org.testng.reporters.JUnitReportReporter -->
<testsuite hostname="user1" failures="0" tests="1" name="groupingscripts.SampleTwoTest" time="0.021" errors="0" timestamp="2025-04-02T16:37:14 IST" skipped="0">
  <testcase classname="groupingscripts.SampleTwoTest" name="testTwo" time="0.021"/>
</testsuite> <!-- groupingscripts.SampleTwoTest -->
