<?xml version="1.0" encoding="UTF-8"?>
<!-- Generated by org.testng.reporters.JUnitReportReporter -->
<testsuite hostname="user1" failures="0" tests="4" name="parallelscripts.SampleOneTest" time="0.030" errors="0" timestamp="2025-04-02T17:44:54 IST" skipped="0">
  <testcase classname="parallelscripts.SampleOneTest" name="testOne" time="0.002"/>
  <testcase classname="parallelscripts.SampleOneTest" name="testThree" time="0.006"/>
  <testcase classname="parallelscripts.SampleOneTest" name="testTwo" time="0.007"/>
  <testcase classname="parallelscripts.SampleOneTest" name="testFour" time="0.015"/>
</testsuite> <!-- parallelscripts.SampleOneTest -->
