<?xml version="1.0" encoding="UTF-8"?>
<!-- Generated by org.testng.reporters.JUnitReportReporter -->
<testsuite hostname="user1" failures="0" tests="1" name="testscripts.RadioChkBoxTest" time="10.307" errors="0" timestamp="2025-04-01T17:11:59 IST" skipped="0">
  <testcase classname="testscripts.RadioChkBoxTest" name="selectRadioTest" time="10.307"/>
</testsuite> <!-- testscripts.RadioChkBoxTest -->
