<?xml version="1.0" encoding="UTF-8"?>
<!-- Generated by org.testng.reporters.JUnitReportReporter -->
<testsuite hostname="user1" failures="0" tests="4" name="groupingscripts.SampleOneTest" time="0.014" errors="0" timestamp="2025-04-02T16:48:44 IST" skipped="0">
  <testcase classname="groupingscripts.SampleOneTest" name="testFour" time="0.004"/>
  <testcase classname="groupingscripts.SampleOneTest" name="testThree" time="0.004"/>
  <testcase classname="groupingscripts.SampleOneTest" name="testTwo" time="0.004"/>
  <testcase classname="groupingscripts.SampleOneTest" name="testOne" time="0.002"/>
</testsuite> <!-- groupingscripts.SampleOneTest -->
