<?xml version="1.0" encoding="UTF-8"?>
<!-- Generated by org.testng.reporters.JUnitReportReporter -->
<testsuite hostname="user1" failures="0" tests="1" name="testscripts.DropDownTest" time="6.554" errors="0" timestamp="2025-03-27T17:01:24 IST" skipped="0">
  <testcase classname="testscripts.DropDownTest" name="selectValue" time="6.554"/>
</testsuite> <!-- testscripts.DropDownTest -->
