<?xml version="1.0" encoding="UTF-8"?>
<!-- Generated by org.testng.reporters.JUnitReportReporter -->
<testsuite hostname="user1" failures="0" tests="1" name="testscripts.DownloadFileTest" time="8.367" errors="0" timestamp="2025-03-28T14:57:33 IST" skipped="0">
  <testcase classname="testscripts.DownloadFileTest" name="fileDownload" time="8.367"/>
</testsuite> <!-- testscripts.DownloadFileTest -->
