<?xml version="1.0" encoding="UTF-8"?>
<!-- Generated by org.testng.reporters.JUnitReportReporter -->
<testsuite hostname="user1" failures="0" tests="1" name="testscripts.RadioChkBoxTest" time="5.974" errors="0" timestamp="2025-03-27T17:05:38 IST" skipped="0">
  <testcase classname="testscripts.RadioChkBoxTest" name="selectRadioTest" time="5.974"/>
</testsuite> <!-- testscripts.RadioChkBoxTest -->
