<?xml version="1.0" encoding="UTF-8"?>
<!-- Generated by org.testng.reporters.JUnitReportReporter -->
<testsuite hostname="user1" failures="0" tests="1" name="testscripts.FileUploadTest" time="2.750" errors="0" timestamp="2025-03-28T14:26:37 IST" skipped="0">
  <testcase classname="testscripts.FileUploadTest" name="uploadfile" time="2.750"/>
</testsuite> <!-- testscripts.FileUploadTest -->
