<?xml version="1.0" encoding="UTF-8"?>
<!-- Generated by org.testng.reporters.JUnitReportReporter -->
<testsuite hostname="user1" failures="0" tests="1" name="testscripts.DisplayTest" time="9.417" errors="0" timestamp="2025-03-27T15:16:29 IST" skipped="0">
  <testcase classname="testscripts.DisplayTest" name="displayElemTest" time="9.417"/>
</testsuite> <!-- testscripts.DisplayTest -->
