<?xml version="1.0" encoding="UTF-8"?>
<!-- Generated by org.testng.reporters.JUnitReportReporter -->
<testsuite hostname="user1" failures="0" tests="1" name="testscripts.WebTableTest" time="5.507" errors="0" timestamp="2025-03-26T17:19:15 IST" skipped="0">
  <testcase classname="testscripts.WebTableTest" name="dynamicWebTable" time="5.507"/>
</testsuite> <!-- testscripts.WebTableTest -->
