<?xml version="1.0" encoding="UTF-8"?>
<!-- Generated by org.testng.reporters.JUnitReportReporter -->
<testsuite hostname="user1" failures="0" tests="1" name="testscripts.GooglePageTest" time="8.034" errors="0" timestamp="2025-03-27T14:21:52 IST" skipped="0">
  <testcase classname="testscripts.GooglePageTest" name="seleniumsearch" time="8.034"/>
</testsuite> <!-- testscripts.GooglePageTest -->
