<?xml version="1.0" encoding="UTF-8"?>
<!-- Generated by org.testng.reporters.JUnitReportReporter -->
<testsuite hostname="user1" failures="0" tests="2" name="testscripts.BookSearchTest" time="18.571" errors="0" timestamp="2025-04-02T16:50:13 IST" skipped="0">
  <testcase classname="testscripts.BookSearchTest" name="crimeNovelSearch" time="9.778"/>
  <testcase classname="testscripts.BookSearchTest" name="HorrorSearch" time="8.793"/>
</testsuite> <!-- testscripts.BookSearchTest -->
